0 verbose cli /home/ec2-user/.nvm/versions/node/v16.20.1/bin/node /home/ec2-user/.nvm/versions/node/v16.20.1/bin/npm
1 info using npm@8.19.4
2 info using node@v16.20.1
3 timing npm:load:whichnode Completed in 1ms
4 timing config:load:defaults Completed in 12ms
5 timing config:load:file:/home/ec2-user/.nvm/versions/node/v16.20.1/lib/node_modules/npm/npmrc Completed in 3ms
6 timing config:load:builtin Completed in 7ms
7 timing config:load:cli Completed in 1ms
8 timing config:load:env Completed in 1ms
9 timing config:load:project Completed in 1ms
10 timing config:load:file:/home/ec2-user/.npmrc Completed in 0ms
11 timing config:load:user Completed in 0ms
12 timing config:load:file:/home/ec2-user/.nvm/versions/node/v16.20.1/etc/npmrc Completed in 0ms
13 timing config:load:global Completed in 0ms
14 timing config:load:validate Completed in 0ms
15 timing config:load:credentials Completed in 1ms
16 timing config:load:setEnvs Completed in 1ms
17 timing config:load Completed in 25ms
18 timing npm:load:configload Completed in 25ms
19 timing npm:load:mkdirpcache Completed in 2ms
20 timing npm:load:mkdirplogs Completed in 0ms
21 verbose title npm install express
22 verbose argv "install" "express"
23 timing npm:load:setTitle Completed in 1ms
24 timing config:load:flatten Completed in 5ms
25 timing npm:load:display Completed in 7ms
26 verbose logfile logs-max:10 dir:/home/ec2-user/.npm/_logs
27 verbose logfile /home/ec2-user/.npm/_logs/2023-06-30T18_26_15_027Z-debug-0.log
28 timing npm:load:logFile Completed in 6ms
29 timing npm:load:timers Completed in 0ms
30 timing npm:load:configScope Completed in 0ms
31 timing npm:load Completed in 44ms
32 timing arborist:ctor Completed in 1ms
33 silly logfile done cleaning log files
34 timing arborist:ctor Completed in 0ms
35 timing idealTree:init Completed in 17ms
36 timing idealTree:userRequests Completed in 3ms
37 silly idealTree buildDeps
38 silly fetch manifest express@*
39 http fetch GET 200 https://registry.npmjs.org/express 93ms (cache miss)
40 silly placeDep ROOT express@4.18.2 OK for: helloworld@1.0.0 want: *
41 silly fetch manifest accepts@~1.3.8
42 silly fetch manifest array-flatten@1.1.1
43 silly fetch manifest body-parser@1.20.1
44 silly fetch manifest content-disposition@0.5.4
45 silly fetch manifest content-type@~1.0.4
46 silly fetch manifest cookie@0.5.0
47 silly fetch manifest cookie-signature@1.0.6
48 silly fetch manifest debug@2.6.9
49 silly fetch manifest depd@2.0.0
50 silly fetch manifest encodeurl@~1.0.2
51 silly fetch manifest escape-html@~1.0.3
52 silly fetch manifest etag@~1.8.1
53 silly fetch manifest finalhandler@1.2.0
54 silly fetch manifest fresh@0.5.2
55 silly fetch manifest http-errors@2.0.0
56 silly fetch manifest merge-descriptors@1.0.1
57 silly fetch manifest methods@~1.1.2
58 silly fetch manifest on-finished@2.4.1
59 silly fetch manifest parseurl@~1.3.3
60 silly fetch manifest path-to-regexp@0.1.7
61 silly fetch manifest proxy-addr@~2.0.7
62 silly fetch manifest qs@6.11.0
63 silly fetch manifest range-parser@~1.2.1
64 silly fetch manifest safe-buffer@5.2.1
65 silly fetch manifest send@0.18.0
66 silly fetch manifest serve-static@1.15.0
67 silly fetch manifest setprototypeof@1.2.0
68 silly fetch manifest statuses@2.0.1
69 silly fetch manifest type-is@~1.6.18
70 silly fetch manifest utils-merge@1.0.1
71 silly fetch manifest vary@~1.1.2
72 http fetch GET 200 https://registry.npmjs.org/accepts 94ms (cache miss)
73 http fetch GET 200 https://registry.npmjs.org/merge-descriptors 224ms (cache miss)
74 http fetch GET 200 https://registry.npmjs.org/encodeurl 242ms (cache miss)
75 http fetch GET 200 https://registry.npmjs.org/methods 238ms (cache miss)
76 http fetch GET 200 https://registry.npmjs.org/escape-html 245ms (cache miss)
77 http fetch GET 200 https://registry.npmjs.org/content-type 252ms (cache miss)
78 http fetch GET 200 https://registry.npmjs.org/utils-merge 229ms (cache miss)
79 http fetch GET 200 https://registry.npmjs.org/vary 228ms (cache miss)
80 http fetch GET 200 https://registry.npmjs.org/content-disposition 258ms (cache miss)
81 http fetch GET 200 https://registry.npmjs.org/fresh 250ms (cache miss)
82 http fetch GET 200 https://registry.npmjs.org/array-flatten 263ms (cache miss)
83 http fetch GET 200 https://registry.npmjs.org/etag 255ms (cache miss)
84 http fetch GET 200 https://registry.npmjs.org/proxy-addr 250ms (cache miss)
85 http fetch GET 200 https://registry.npmjs.org/range-parser 247ms (cache miss)
86 http fetch GET 200 https://registry.npmjs.org/on-finished 253ms (cache miss)
87 http fetch GET 200 https://registry.npmjs.org/parseurl 253ms (cache miss)
88 http fetch GET 200 https://registry.npmjs.org/setprototypeof 245ms (cache miss)
89 http fetch GET 200 https://registry.npmjs.org/cookie-signature 263ms (cache miss)
90 http fetch GET 200 https://registry.npmjs.org/depd 264ms (cache miss)
91 http fetch GET 200 https://registry.npmjs.org/safe-buffer 252ms (cache miss)
92 http fetch GET 200 https://registry.npmjs.org/statuses 250ms (cache miss)
93 http fetch GET 200 https://registry.npmjs.org/cookie 271ms (cache miss)
94 http fetch GET 200 https://registry.npmjs.org/http-errors 268ms (cache miss)
95 http fetch GET 200 https://registry.npmjs.org/finalhandler 269ms (cache miss)
96 http fetch GET 200 https://registry.npmjs.org/type-is 254ms (cache miss)
97 http fetch GET 200 https://registry.npmjs.org/path-to-regexp 275ms (cache miss)
98 http fetch GET 200 https://registry.npmjs.org/send 272ms (cache miss)
99 http fetch GET 200 https://registry.npmjs.org/serve-static 272ms (cache miss)
100 http fetch GET 200 https://registry.npmjs.org/debug 291ms (cache miss)
101 http fetch GET 200 https://registry.npmjs.org/qs 282ms (cache miss)
102 http fetch GET 200 https://registry.npmjs.org/body-parser 301ms (cache miss)
103 timing idealTree:#root Completed in 417ms
104 silly placeDep ROOT accepts@1.3.8 OK for: express@4.18.2 want: ~1.3.8
105 silly placeDep ROOT array-flatten@1.1.1 OK for: express@4.18.2 want: 1.1.1
106 silly placeDep ROOT body-parser@1.20.1 OK for: express@4.18.2 want: 1.20.1
107 silly placeDep ROOT content-disposition@0.5.4 OK for: express@4.18.2 want: 0.5.4
108 silly placeDep ROOT content-type@1.0.5 OK for: express@4.18.2 want: ~1.0.4
109 silly placeDep ROOT cookie@0.5.0 OK for: express@4.18.2 want: 0.5.0
110 silly placeDep ROOT cookie-signature@1.0.6 OK for: express@4.18.2 want: 1.0.6
111 silly placeDep ROOT debug@2.6.9 OK for: express@4.18.2 want: 2.6.9
112 silly placeDep ROOT depd@2.0.0 OK for: express@4.18.2 want: 2.0.0
113 silly placeDep ROOT encodeurl@1.0.2 OK for: express@4.18.2 want: ~1.0.2
114 silly placeDep ROOT escape-html@1.0.3 OK for: express@4.18.2 want: ~1.0.3
115 silly placeDep ROOT etag@1.8.1 OK for: express@4.18.2 want: ~1.8.1
116 silly placeDep ROOT finalhandler@1.2.0 OK for: express@4.18.2 want: 1.2.0
117 silly placeDep ROOT fresh@0.5.2 OK for: express@4.18.2 want: 0.5.2
118 silly placeDep ROOT http-errors@2.0.0 OK for: express@4.18.2 want: 2.0.0
119 silly placeDep ROOT merge-descriptors@1.0.1 OK for: express@4.18.2 want: 1.0.1
120 silly placeDep ROOT methods@1.1.2 OK for: express@4.18.2 want: ~1.1.2
121 silly placeDep ROOT on-finished@2.4.1 OK for: express@4.18.2 want: 2.4.1
122 silly placeDep ROOT parseurl@1.3.3 OK for: express@4.18.2 want: ~1.3.3
123 silly placeDep ROOT path-to-regexp@0.1.7 OK for: express@4.18.2 want: 0.1.7
124 silly placeDep ROOT proxy-addr@2.0.7 OK for: express@4.18.2 want: ~2.0.7
125 silly placeDep ROOT qs@6.11.0 OK for: express@4.18.2 want: 6.11.0
126 silly placeDep ROOT range-parser@1.2.1 OK for: express@4.18.2 want: ~1.2.1
127 silly placeDep ROOT safe-buffer@5.2.1 OK for: express@4.18.2 want: 5.2.1
128 silly placeDep ROOT send@0.18.0 OK for: express@4.18.2 want: 0.18.0
129 silly placeDep ROOT serve-static@1.15.0 OK for: express@4.18.2 want: 1.15.0
130 silly placeDep ROOT setprototypeof@1.2.0 OK for: express@4.18.2 want: 1.2.0
131 silly placeDep ROOT statuses@2.0.1 OK for: express@4.18.2 want: 2.0.1
132 silly placeDep ROOT type-is@1.6.18 OK for: express@4.18.2 want: ~1.6.18
133 silly placeDep ROOT utils-merge@1.0.1 OK for: express@4.18.2 want: 1.0.1
134 silly placeDep ROOT vary@1.1.2 OK for: express@4.18.2 want: ~1.1.2
135 silly fetch manifest mime-types@~2.1.34
136 silly fetch manifest negotiator@0.6.3
137 silly fetch manifest bytes@3.1.2
138 silly fetch manifest destroy@1.2.0
139 silly fetch manifest iconv-lite@0.4.24
140 silly fetch manifest raw-body@2.5.1
141 silly fetch manifest unpipe@1.0.0
142 silly fetch manifest ms@2.0.0
143 silly fetch manifest unpipe@~1.0.0
144 silly fetch manifest inherits@2.0.4
145 silly fetch manifest toidentifier@1.0.1
146 silly fetch manifest ee-first@1.1.1
147 silly fetch manifest forwarded@0.2.0
148 silly fetch manifest ipaddr.js@1.9.1
149 silly fetch manifest side-channel@^1.0.4
150 silly fetch manifest mime@1.6.0
151 silly fetch manifest ms@2.1.3
152 silly fetch manifest media-typer@0.3.0
153 silly fetch manifest mime-types@~2.1.24
154 http fetch GET 200 https://registry.npmjs.org/ee-first 108ms (cache miss)
155 http fetch GET 200 https://registry.npmjs.org/bytes 119ms (cache miss)
156 http fetch GET 200 https://registry.npmjs.org/unpipe 116ms (cache miss)
157 http fetch GET 200 https://registry.npmjs.org/toidentifier 111ms (cache miss)
158 http fetch GET 200 https://registry.npmjs.org/destroy 121ms (cache miss)
159 http fetch GET 200 https://registry.npmjs.org/side-channel 109ms (cache miss)
160 http fetch GET 200 https://registry.npmjs.org/inherits 115ms (cache miss)
161 http fetch GET 200 https://registry.npmjs.org/forwarded 114ms (cache miss)
162 http fetch GET 200 https://registry.npmjs.org/ms 111ms (cache miss)
163 http fetch GET 200 https://registry.npmjs.org/ms 121ms (cache miss)
164 http fetch GET 200 https://registry.npmjs.org/media-typer 112ms (cache miss)
165 http fetch GET 200 https://registry.npmjs.org/mime 116ms (cache miss)
166 http fetch GET 200 https://registry.npmjs.org/unpipe 124ms (cache miss)
167 http fetch GET 200 https://registry.npmjs.org/mime-types 114ms (cache miss)
168 http fetch GET 200 https://registry.npmjs.org/negotiator 133ms (cache miss)
169 http fetch GET 200 https://registry.npmjs.org/iconv-lite 132ms (cache miss)
170 http fetch GET 200 https://registry.npmjs.org/mime-types 137ms (cache miss)
171 http fetch GET 200 https://registry.npmjs.org/ipaddr.js 124ms (cache miss)
172 http fetch GET 200 https://registry.npmjs.org/raw-body 135ms (cache miss)
173 timing idealTree:node_modules/express Completed in 202ms
174 silly placeDep ROOT mime-types@2.1.35 OK for: accepts@1.3.8 want: ~2.1.34
175 silly placeDep ROOT negotiator@0.6.3 OK for: accepts@1.3.8 want: 0.6.3
176 silly fetch manifest mime-db@1.52.0
177 http fetch GET 200 https://registry.npmjs.org/mime-db 28ms (cache miss)
178 timing idealTree:node_modules/accepts Completed in 33ms
179 timing idealTree:node_modules/array-flatten Completed in 0ms
180 silly placeDep ROOT bytes@3.1.2 OK for: body-parser@1.20.1 want: 3.1.2
181 silly placeDep ROOT destroy@1.2.0 OK for: body-parser@1.20.1 want: 1.2.0
182 silly placeDep ROOT iconv-lite@0.4.24 OK for: body-parser@1.20.1 want: 0.4.24
183 silly placeDep ROOT raw-body@2.5.1 OK for: body-parser@1.20.1 want: 2.5.1
184 silly placeDep ROOT unpipe@1.0.0 OK for: body-parser@1.20.1 want: 1.0.0
185 silly fetch manifest safer-buffer@>= 2.1.2 < 3
186 http fetch GET 200 https://registry.npmjs.org/safer-buffer 22ms (cache miss)
187 timing idealTree:node_modules/body-parser Completed in 31ms
188 timing idealTree:node_modules/bytes Completed in 0ms
189 timing idealTree:node_modules/content-disposition Completed in 0ms
190 timing idealTree:node_modules/content-type Completed in 0ms
191 timing idealTree:node_modules/cookie Completed in 0ms
192 timing idealTree:node_modules/cookie-signature Completed in 0ms
193 silly placeDep ROOT ms@2.0.0 OK for: debug@2.6.9 want: 2.0.0
194 timing idealTree:node_modules/debug Completed in 2ms
195 timing idealTree:node_modules/depd Completed in 0ms
196 timing idealTree:node_modules/destroy Completed in 0ms
197 timing idealTree:node_modules/encodeurl Completed in 0ms
198 timing idealTree:node_modules/escape-html Completed in 0ms
199 timing idealTree:node_modules/etag Completed in 0ms
200 timing idealTree:node_modules/finalhandler Completed in 0ms
201 timing idealTree:node_modules/fresh Completed in 0ms
202 silly placeDep ROOT inherits@2.0.4 OK for: http-errors@2.0.0 want: 2.0.4
203 silly placeDep ROOT toidentifier@1.0.1 OK for: http-errors@2.0.0 want: 1.0.1
204 timing idealTree:node_modules/http-errors Completed in 3ms
205 silly placeDep ROOT safer-buffer@2.1.2 OK for: iconv-lite@0.4.24 want: >= 2.1.2 < 3
206 timing idealTree:node_modules/iconv-lite Completed in 1ms
207 timing idealTree:node_modules/inherits Completed in 0ms
208 timing idealTree:node_modules/merge-descriptors Completed in 0ms
209 timing idealTree:node_modules/methods Completed in 0ms
210 silly placeDep ROOT mime-db@1.52.0 OK for: mime-types@2.1.35 want: 1.52.0
211 timing idealTree:node_modules/mime-types Completed in 1ms
212 timing idealTree:node_modules/mime-db Completed in 0ms
213 timing idealTree:node_modules/ms Completed in 0ms
214 timing idealTree:node_modules/negotiator Completed in 0ms
215 silly placeDep ROOT ee-first@1.1.1 OK for: on-finished@2.4.1 want: 1.1.1
216 timing idealTree:node_modules/on-finished Completed in 1ms
217 timing idealTree:node_modules/ee-first Completed in 0ms
218 timing idealTree:node_modules/parseurl Completed in 0ms
219 timing idealTree:node_modules/path-to-regexp Completed in 0ms
220 silly placeDep ROOT forwarded@0.2.0 OK for: proxy-addr@2.0.7 want: 0.2.0
221 silly placeDep ROOT ipaddr.js@1.9.1 OK for: proxy-addr@2.0.7 want: 1.9.1
222 timing idealTree:node_modules/proxy-addr Completed in 2ms
223 timing idealTree:node_modules/forwarded Completed in 0ms
224 timing idealTree:node_modules/ipaddr.js Completed in 0ms
225 silly placeDep ROOT side-channel@1.0.4 OK for: qs@6.11.0 want: ^1.0.4
226 silly fetch manifest call-bind@^1.0.0
227 silly fetch manifest get-intrinsic@^1.0.2
228 silly fetch manifest object-inspect@^1.9.0
229 http fetch GET 200 https://registry.npmjs.org/call-bind 38ms (cache miss)
230 http fetch GET 200 https://registry.npmjs.org/get-intrinsic 38ms (cache miss)
231 http fetch GET 200 https://registry.npmjs.org/object-inspect 40ms (cache miss)
232 timing idealTree:node_modules/qs Completed in 46ms
233 timing idealTree:node_modules/range-parser Completed in 0ms
234 timing idealTree:node_modules/raw-body Completed in 0ms
235 timing idealTree:node_modules/safe-buffer Completed in 0ms
236 timing idealTree:node_modules/safer-buffer Completed in 0ms
237 silly placeDep ROOT mime@1.6.0 OK for: send@0.18.0 want: 1.6.0
238 silly placeDep node_modules/send ms@2.1.3 OK for: send@0.18.0 want: 2.1.3
239 timing idealTree:node_modules/send Completed in 4ms
240 timing idealTree:node_modules/mime Completed in 0ms
241 timing idealTree:node_modules/serve-static Completed in 0ms
242 timing idealTree:node_modules/setprototypeof Completed in 0ms
243 silly placeDep ROOT call-bind@1.0.2 OK for: side-channel@1.0.4 want: ^1.0.0
244 silly placeDep ROOT get-intrinsic@1.2.1 OK for: side-channel@1.0.4 want: ^1.0.2
245 silly placeDep ROOT object-inspect@1.12.3 OK for: side-channel@1.0.4 want: ^1.9.0
246 silly fetch manifest function-bind@^1.1.1
247 silly fetch manifest has@^1.0.3
248 silly fetch manifest has-proto@^1.0.1
249 silly fetch manifest has-symbols@^1.0.3
250 http fetch GET 200 https://registry.npmjs.org/function-bind 33ms (cache miss)
251 http fetch GET 200 https://registry.npmjs.org/has-proto 34ms (cache miss)
252 http fetch GET 200 https://registry.npmjs.org/has 36ms (cache miss)
253 http fetch GET 200 https://registry.npmjs.org/has-symbols 37ms (cache miss)
254 timing idealTree:node_modules/side-channel Completed in 47ms
255 silly placeDep ROOT function-bind@1.1.1 OK for: call-bind@1.0.2 want: ^1.1.1
256 timing idealTree:node_modules/call-bind Completed in 1ms
257 timing idealTree:node_modules/function-bind Completed in 0ms
258 silly placeDep ROOT has@1.0.3 OK for: get-intrinsic@1.2.1 want: ^1.0.3
259 silly placeDep ROOT has-proto@1.0.1 OK for: get-intrinsic@1.2.1 want: ^1.0.1
260 silly placeDep ROOT has-symbols@1.0.3 OK for: get-intrinsic@1.2.1 want: ^1.0.3
261 timing idealTree:node_modules/get-intrinsic Completed in 3ms
262 timing idealTree:node_modules/has Completed in 0ms
263 timing idealTree:node_modules/has-proto Completed in 0ms
264 timing idealTree:node_modules/has-symbols Completed in 0ms
265 timing idealTree:node_modules/object-inspect Completed in 0ms
266 timing idealTree:node_modules/statuses Completed in 0ms
267 timing idealTree:node_modules/toidentifier Completed in 0ms
268 silly placeDep ROOT media-typer@0.3.0 OK for: type-is@1.6.18 want: 0.3.0
269 timing idealTree:node_modules/type-is Completed in 1ms
270 timing idealTree:node_modules/media-typer Completed in 0ms
271 timing idealTree:node_modules/unpipe Completed in 0ms
272 timing idealTree:node_modules/utils-merge Completed in 0ms
273 timing idealTree:node_modules/vary Completed in 0ms
274 timing idealTree:node_modules/send/node_modules/ms Completed in 0ms
275 timing idealTree:buildDeps Completed in 801ms
276 timing idealTree:fixDepFlags Completed in 2ms
277 timing idealTree Completed in 824ms
278 timing reify:loadTrees Completed in 826ms
279 timing reify:diffTrees Completed in 2ms
280 silly reify moves {}
281 timing reify:retireShallow Completed in 1ms
282 timing reify:createSparse Completed in 14ms
283 timing reify:loadBundles Completed in 0ms
284 silly audit bulk request {
284 silly audit   express: [ '4.18.2' ],
284 silly audit   accepts: [ '1.3.8' ],
284 silly audit   'array-flatten': [ '1.1.1' ],
284 silly audit   'body-parser': [ '1.20.1' ],
284 silly audit   'content-disposition': [ '0.5.4' ],
284 silly audit   'content-type': [ '1.0.5' ],
284 silly audit   cookie: [ '0.5.0' ],
284 silly audit   'cookie-signature': [ '1.0.6' ],
284 silly audit   debug: [ '2.6.9' ],
284 silly audit   depd: [ '2.0.0' ],
284 silly audit   encodeurl: [ '1.0.2' ],
284 silly audit   'escape-html': [ '1.0.3' ],
284 silly audit   etag: [ '1.8.1' ],
284 silly audit   finalhandler: [ '1.2.0' ],
284 silly audit   fresh: [ '0.5.2' ],
284 silly audit   'http-errors': [ '2.0.0' ],
284 silly audit   'merge-descriptors': [ '1.0.1' ],
284 silly audit   methods: [ '1.1.2' ],
284 silly audit   'on-finished': [ '2.4.1' ],
284 silly audit   parseurl: [ '1.3.3' ],
284 silly audit   'path-to-regexp': [ '0.1.7' ],
284 silly audit   'proxy-addr': [ '2.0.7' ],
284 silly audit   qs: [ '6.11.0' ],
284 silly audit   'range-parser': [ '1.2.1' ],
284 silly audit   'safe-buffer': [ '5.2.1' ],
284 silly audit   send: [ '0.18.0' ],
284 silly audit   'serve-static': [ '1.15.0' ],
284 silly audit   setprototypeof: [ '1.2.0' ],
284 silly audit   statuses: [ '2.0.1' ],
284 silly audit   'type-is': [ '1.6.18' ],
284 silly audit   'utils-merge': [ '1.0.1' ],
284 silly audit   vary: [ '1.1.2' ],
284 silly audit   'mime-types': [ '2.1.35' ],
284 silly audit   negotiator: [ '0.6.3' ],
284 silly audit   bytes: [ '3.1.2' ],
284 silly audit   destroy: [ '1.2.0' ],
284 silly audit   'iconv-lite': [ '0.4.24' ],
284 silly audit   'raw-body': [ '2.5.1' ],
284 silly audit   unpipe: [ '1.0.0' ],
284 silly audit   ms: [ '2.0.0', '2.1.3' ],
284 silly audit   inherits: [ '2.0.4' ],
284 silly audit   toidentifier: [ '1.0.1' ],
284 silly audit   'safer-buffer': [ '2.1.2' ],
284 silly audit   'mime-db': [ '1.52.0' ],
284 silly audit   'ee-first': [ '1.1.1' ],
284 silly audit   forwarded: [ '0.2.0' ],
284 silly audit   'ipaddr.js': [ '1.9.1' ],
284 silly audit   'side-channel': [ '1.0.4' ],
284 silly audit   mime: [ '1.6.0' ],
284 silly audit   'call-bind': [ '1.0.2' ],
284 silly audit   'get-intrinsic': [ '1.2.1' ],
284 silly audit   'object-inspect': [ '1.12.3' ],
284 silly audit   'function-bind': [ '1.1.1' ],
284 silly audit   has: [ '1.0.3' ],
284 silly audit   'has-proto': [ '1.0.1' ],
284 silly audit   'has-symbols': [ '1.0.3' ],
284 silly audit   'media-typer': [ '0.3.0' ]
284 silly audit }
285 silly tarball no local data for media-typer@https://registry.npmjs.org/media-typer/-/media-typer-0.3.0.tgz. Extracting by manifest.
286 silly tarball no local data for has-symbols@https://registry.npmjs.org/has-symbols/-/has-symbols-1.0.3.tgz. Extracting by manifest.
287 silly tarball no local data for has-proto@https://registry.npmjs.org/has-proto/-/has-proto-1.0.1.tgz. Extracting by manifest.
288 silly tarball no local data for has@https://registry.npmjs.org/has/-/has-1.0.3.tgz. Extracting by manifest.
289 silly tarball no local data for function-bind@https://registry.npmjs.org/function-bind/-/function-bind-1.1.1.tgz. Extracting by manifest.
290 silly tarball no local data for object-inspect@https://registry.npmjs.org/object-inspect/-/object-inspect-1.12.3.tgz. Extracting by manifest.
291 silly tarball no local data for get-intrinsic@https://registry.npmjs.org/get-intrinsic/-/get-intrinsic-1.2.1.tgz. Extracting by manifest.
292 silly tarball no local data for call-bind@https://registry.npmjs.org/call-bind/-/call-bind-1.0.2.tgz. Extracting by manifest.
293 silly tarball no local data for mime@https://registry.npmjs.org/mime/-/mime-1.6.0.tgz. Extracting by manifest.
294 silly tarball no local data for side-channel@https://registry.npmjs.org/side-channel/-/side-channel-1.0.4.tgz. Extracting by manifest.
295 silly tarball no local data for ipaddr.js@https://registry.npmjs.org/ipaddr.js/-/ipaddr.js-1.9.1.tgz. Extracting by manifest.
296 silly tarball no local data for forwarded@https://registry.npmjs.org/forwarded/-/forwarded-0.2.0.tgz. Extracting by manifest.
297 silly tarball no local data for ee-first@https://registry.npmjs.org/ee-first/-/ee-first-1.1.1.tgz. Extracting by manifest.
298 silly tarball no local data for mime-db@https://registry.npmjs.org/mime-db/-/mime-db-1.52.0.tgz. Extracting by manifest.
299 silly tarball no local data for safer-buffer@https://registry.npmjs.org/safer-buffer/-/safer-buffer-2.1.2.tgz. Extracting by manifest.
300 silly tarball no local data for toidentifier@https://registry.npmjs.org/toidentifier/-/toidentifier-1.0.1.tgz. Extracting by manifest.
301 silly tarball no local data for inherits@https://registry.npmjs.org/inherits/-/inherits-2.0.4.tgz. Extracting by manifest.
302 silly tarball no local data for ms@https://registry.npmjs.org/ms/-/ms-2.0.0.tgz. Extracting by manifest.
303 silly tarball no local data for unpipe@https://registry.npmjs.org/unpipe/-/unpipe-1.0.0.tgz. Extracting by manifest.
304 silly tarball no local data for raw-body@https://registry.npmjs.org/raw-body/-/raw-body-2.5.1.tgz. Extracting by manifest.
305 silly tarball no local data for iconv-lite@https://registry.npmjs.org/iconv-lite/-/iconv-lite-0.4.24.tgz. Extracting by manifest.
306 silly tarball no local data for destroy@https://registry.npmjs.org/destroy/-/destroy-1.2.0.tgz. Extracting by manifest.
307 silly tarball no local data for bytes@https://registry.npmjs.org/bytes/-/bytes-3.1.2.tgz. Extracting by manifest.
308 silly tarball no local data for negotiator@https://registry.npmjs.org/negotiator/-/negotiator-0.6.3.tgz. Extracting by manifest.
309 silly tarball no local data for mime-types@https://registry.npmjs.org/mime-types/-/mime-types-2.1.35.tgz. Extracting by manifest.
310 silly tarball no local data for vary@https://registry.npmjs.org/vary/-/vary-1.1.2.tgz. Extracting by manifest.
311 silly tarball no local data for utils-merge@https://registry.npmjs.org/utils-merge/-/utils-merge-1.0.1.tgz. Extracting by manifest.
312 silly tarball no local data for type-is@https://registry.npmjs.org/type-is/-/type-is-1.6.18.tgz. Extracting by manifest.
313 silly tarball no local data for statuses@https://registry.npmjs.org/statuses/-/statuses-2.0.1.tgz. Extracting by manifest.
314 silly tarball no local data for setprototypeof@https://registry.npmjs.org/setprototypeof/-/setprototypeof-1.2.0.tgz. Extracting by manifest.
315 silly tarball no local data for serve-static@https://registry.npmjs.org/serve-static/-/serve-static-1.15.0.tgz. Extracting by manifest.
316 silly tarball no local data for send@https://registry.npmjs.org/send/-/send-0.18.0.tgz. Extracting by manifest.
317 silly tarball no local data for safe-buffer@https://registry.npmjs.org/safe-buffer/-/safe-buffer-5.2.1.tgz. Extracting by manifest.
318 silly tarball no local data for range-parser@https://registry.npmjs.org/range-parser/-/range-parser-1.2.1.tgz. Extracting by manifest.
319 silly tarball no local data for qs@https://registry.npmjs.org/qs/-/qs-6.11.0.tgz. Extracting by manifest.
320 silly tarball no local data for proxy-addr@https://registry.npmjs.org/proxy-addr/-/proxy-addr-2.0.7.tgz. Extracting by manifest.
321 silly tarball no local data for path-to-regexp@https://registry.npmjs.org/path-to-regexp/-/path-to-regexp-0.1.7.tgz. Extracting by manifest.
322 silly tarball no local data for parseurl@https://registry.npmjs.org/parseurl/-/parseurl-1.3.3.tgz. Extracting by manifest.
323 silly tarball no local data for on-finished@https://registry.npmjs.org/on-finished/-/on-finished-2.4.1.tgz. Extracting by manifest.
324 silly tarball no local data for methods@https://registry.npmjs.org/methods/-/methods-1.1.2.tgz. Extracting by manifest.
325 silly tarball no local data for merge-descriptors@https://registry.npmjs.org/merge-descriptors/-/merge-descriptors-1.0.1.tgz. Extracting by manifest.
326 silly tarball no local data for http-errors@https://registry.npmjs.org/http-errors/-/http-errors-2.0.0.tgz. Extracting by manifest.
327 silly tarball no local data for fresh@https://registry.npmjs.org/fresh/-/fresh-0.5.2.tgz. Extracting by manifest.
328 silly tarball no local data for finalhandler@https://registry.npmjs.org/finalhandler/-/finalhandler-1.2.0.tgz. Extracting by manifest.
329 silly tarball no local data for etag@https://registry.npmjs.org/etag/-/etag-1.8.1.tgz. Extracting by manifest.
330 silly tarball no local data for escape-html@https://registry.npmjs.org/escape-html/-/escape-html-1.0.3.tgz. Extracting by manifest.
331 silly tarball no local data for encodeurl@https://registry.npmjs.org/encodeurl/-/encodeurl-1.0.2.tgz. Extracting by manifest.
332 silly tarball no local data for depd@https://registry.npmjs.org/depd/-/depd-2.0.0.tgz. Extracting by manifest.
333 silly tarball no local data for debug@https://registry.npmjs.org/debug/-/debug-2.6.9.tgz. Extracting by manifest.
334 silly tarball no local data for cookie-signature@https://registry.npmjs.org/cookie-signature/-/cookie-signature-1.0.6.tgz. Extracting by manifest.
335 silly tarball no local data for cookie@https://registry.npmjs.org/cookie/-/cookie-0.5.0.tgz. Extracting by manifest.
336 silly tarball no local data for content-type@https://registry.npmjs.org/content-type/-/content-type-1.0.5.tgz. Extracting by manifest.
337 silly tarball no local data for content-disposition@https://registry.npmjs.org/content-disposition/-/content-disposition-0.5.4.tgz. Extracting by manifest.
338 silly tarball no local data for body-parser@https://registry.npmjs.org/body-parser/-/body-parser-1.20.1.tgz. Extracting by manifest.
339 silly tarball no local data for array-flatten@https://registry.npmjs.org/array-flatten/-/array-flatten-1.1.1.tgz. Extracting by manifest.
340 silly tarball no local data for accepts@https://registry.npmjs.org/accepts/-/accepts-1.3.8.tgz. Extracting by manifest.
341 silly tarball no local data for express@https://registry.npmjs.org/express/-/express-4.18.2.tgz. Extracting by manifest.
342 silly tarball no local data for ms@https://registry.npmjs.org/ms/-/ms-2.1.3.tgz. Extracting by manifest.
343 http fetch POST 200 https://registry.npmjs.org/-/npm/v1/security/advisories/bulk 218ms
344 timing auditReport:getReport Completed in 222ms
345 silly audit report {}
346 timing auditReport:init Completed in 0ms
347 timing reify:audit Completed in 223ms
348 http fetch GET 200 https://registry.npmjs.org/media-typer/-/media-typer-0.3.0.tgz 596ms (cache miss)
349 timing reifyNode:node_modules/media-typer Completed in 669ms
350 http fetch GET 200 https://registry.npmjs.org/function-bind/-/function-bind-1.1.1.tgz 591ms (cache miss)
351 timing reifyNode:node_modules/function-bind Completed in 668ms
352 http fetch GET 200 https://registry.npmjs.org/side-channel/-/side-channel-1.0.4.tgz 586ms (cache miss)
353 timing reifyNode:node_modules/side-channel Completed in 670ms
354 http fetch GET 200 https://registry.npmjs.org/toidentifier/-/toidentifier-1.0.1.tgz 578ms (cache miss)
355 timing reifyNode:node_modules/toidentifier Completed in 670ms
356 http fetch GET 200 https://registry.npmjs.org/raw-body/-/raw-body-2.5.1.tgz 573ms (cache miss)
357 timing reifyNode:node_modules/raw-body Completed in 671ms
358 http fetch GET 200 https://registry.npmjs.org/safe-buffer/-/safe-buffer-5.2.1.tgz 551ms (cache miss)
359 timing reifyNode:node_modules/safe-buffer Completed in 672ms
360 http fetch GET 200 https://registry.npmjs.org/on-finished/-/on-finished-2.4.1.tgz 534ms (cache miss)
361 timing reifyNode:node_modules/on-finished Completed in 672ms
362 http fetch GET 200 https://registry.npmjs.org/ipaddr.js/-/ipaddr.js-1.9.1.tgz 592ms (cache miss)
363 timing reifyNode:node_modules/ipaddr.js Completed in 677ms
364 http fetch GET 200 https://registry.npmjs.org/setprototypeof/-/setprototypeof-1.2.0.tgz 562ms (cache miss)
365 timing reifyNode:node_modules/setprototypeof Completed in 678ms
366 http fetch GET 200 https://registry.npmjs.org/has-proto/-/has-proto-1.0.1.tgz 611ms (cache miss)
367 timing reifyNode:node_modules/has-proto Completed in 685ms
368 http fetch GET 200 https://registry.npmjs.org/has/-/has-1.0.3.tgz 610ms (cache miss)
369 timing reifyNode:node_modules/has Completed in 686ms
370 http fetch GET 200 https://registry.npmjs.org/mime/-/mime-1.6.0.tgz 603ms (cache miss)
371 timing reifyNode:node_modules/mime Completed in 686ms
372 http fetch GET 200 https://registry.npmjs.org/forwarded/-/forwarded-0.2.0.tgz 600ms (cache miss)
373 timing reifyNode:node_modules/forwarded Completed in 686ms
374 http fetch GET 200 https://registry.npmjs.org/ee-first/-/ee-first-1.1.1.tgz 598ms (cache miss)
375 timing reifyNode:node_modules/ee-first Completed in 687ms
376 http fetch GET 200 https://registry.npmjs.org/negotiator/-/negotiator-0.6.3.tgz 584ms (cache miss)
377 timing reifyNode:node_modules/negotiator Completed in 687ms
378 http fetch GET 200 https://registry.npmjs.org/has-symbols/-/has-symbols-1.0.3.tgz 619ms (cache miss)
379 http fetch GET 200 https://registry.npmjs.org/inherits/-/inherits-2.0.4.tgz 599ms (cache miss)
380 timing reifyNode:node_modules/inherits Completed in 692ms
381 http fetch GET 200 https://registry.npmjs.org/ms/-/ms-2.0.0.tgz 597ms (cache miss)
382 timing reifyNode:node_modules/ms Completed in 692ms
383 http fetch GET 200 https://registry.npmjs.org/unpipe/-/unpipe-1.0.0.tgz 596ms (cache miss)
384 timing reifyNode:node_modules/unpipe Completed in 693ms
385 http fetch GET 200 https://registry.npmjs.org/bytes/-/bytes-3.1.2.tgz 591ms (cache miss)
386 timing reifyNode:node_modules/bytes Completed in 693ms
387 http fetch GET 200 https://registry.npmjs.org/type-is/-/type-is-1.6.18.tgz 580ms (cache miss)
388 timing reifyNode:node_modules/type-is Completed in 693ms
389 http fetch GET 200 https://registry.npmjs.org/proxy-addr/-/proxy-addr-2.0.7.tgz 568ms (cache miss)
390 timing reifyNode:node_modules/proxy-addr Completed in 694ms
391 http fetch GET 200 https://registry.npmjs.org/cookie-signature/-/cookie-signature-1.0.6.tgz 542ms (cache miss)
392 timing reifyNode:node_modules/cookie-signature Completed in 694ms
393 timing reifyNode:node_modules/has-symbols Completed in 700ms
394 http fetch GET 200 https://registry.npmjs.org/destroy/-/destroy-1.2.0.tgz 598ms (cache miss)
395 timing reifyNode:node_modules/destroy Completed in 699ms
396 http fetch GET 200 https://registry.npmjs.org/send/-/send-0.18.0.tgz 580ms (cache miss)
397 timing reifyNode:node_modules/send Completed in 699ms
398 http fetch GET 200 https://registry.npmjs.org/vary/-/vary-1.1.2.tgz 594ms (cache miss)
399 timing reifyNode:node_modules/vary Completed in 700ms
400 http fetch GET 200 https://registry.npmjs.org/finalhandler/-/finalhandler-1.2.0.tgz 556ms (cache miss)
401 timing reifyNode:node_modules/finalhandler Completed in 700ms
402 http fetch GET 200 https://registry.npmjs.org/content-type/-/content-type-1.0.5.tgz 546ms (cache miss)
403 timing reifyNode:node_modules/content-type Completed in 701ms
404 http fetch GET 200 https://registry.npmjs.org/body-parser/-/body-parser-1.20.1.tgz 544ms (cache miss)
405 http fetch GET 200 https://registry.npmjs.org/mime-types/-/mime-types-2.1.35.tgz 600ms (cache miss)
406 timing reifyNode:node_modules/mime-types Completed in 704ms
407 http fetch GET 200 https://registry.npmjs.org/utils-merge/-/utils-merge-1.0.1.tgz 597ms (cache miss)
408 timing reifyNode:node_modules/utils-merge Completed in 704ms
409 http fetch GET 200 https://registry.npmjs.org/statuses/-/statuses-2.0.1.tgz 590ms (cache miss)
410 timing reifyNode:node_modules/statuses Completed in 705ms
411 http fetch GET 200 https://registry.npmjs.org/methods/-/methods-1.1.2.tgz 566ms (cache miss)
412 timing reifyNode:node_modules/methods Completed in 704ms
413 http fetch GET 200 https://registry.npmjs.org/merge-descriptors/-/merge-descriptors-1.0.1.tgz 564ms (cache miss)
414 timing reifyNode:node_modules/merge-descriptors Completed in 705ms
415 http fetch GET 200 https://registry.npmjs.org/range-parser/-/range-parser-1.2.1.tgz 584ms (cache miss)
416 timing reifyNode:node_modules/range-parser Completed in 706ms
417 http fetch GET 200 https://registry.npmjs.org/http-errors/-/http-errors-2.0.0.tgz 565ms (cache miss)
418 timing reifyNode:node_modules/http-errors Completed in 706ms
419 http fetch GET 200 https://registry.npmjs.org/fresh/-/fresh-0.5.2.tgz 564ms (cache miss)
420 timing reifyNode:node_modules/fresh Completed in 707ms
421 http fetch GET 200 https://registry.npmjs.org/accepts/-/accepts-1.3.8.tgz 546ms (cache miss)
422 timing reifyNode:node_modules/accepts Completed in 706ms
423 http fetch GET 200 https://registry.npmjs.org/ms/-/ms-2.1.3.tgz 544ms (cache miss)
424 timing reifyNode:node_modules/send/node_modules/ms Completed in 709ms
425 http fetch GET 200 https://registry.npmjs.org/serve-static/-/serve-static-1.15.0.tgz 594ms (cache miss)
426 timing reifyNode:node_modules/serve-static Completed in 711ms
427 http fetch GET 200 https://registry.npmjs.org/parseurl/-/parseurl-1.3.3.tgz 576ms (cache miss)
428 timing reifyNode:node_modules/parseurl Completed in 712ms
429 http fetch GET 200 https://registry.npmjs.org/path-to-regexp/-/path-to-regexp-0.1.7.tgz 579ms (cache miss)
430 timing reifyNode:node_modules/path-to-regexp Completed in 712ms
431 http fetch GET 200 https://registry.npmjs.org/escape-html/-/escape-html-1.0.3.tgz 565ms (cache miss)
432 timing reifyNode:node_modules/escape-html Completed in 712ms
433 http fetch GET 200 https://registry.npmjs.org/encodeurl/-/encodeurl-1.0.2.tgz 564ms (cache miss)
434 timing reifyNode:node_modules/encodeurl Completed in 712ms
435 http fetch GET 200 https://registry.npmjs.org/content-disposition/-/content-disposition-0.5.4.tgz 556ms (cache miss)
436 timing reifyNode:node_modules/content-disposition Completed in 713ms
437 http fetch GET 200 https://registry.npmjs.org/etag/-/etag-1.8.1.tgz 570ms (cache miss)
438 timing reifyNode:node_modules/etag Completed in 715ms
439 http fetch GET 200 https://registry.npmjs.org/depd/-/depd-2.0.0.tgz 567ms (cache miss)
440 timing reifyNode:node_modules/depd Completed in 716ms
441 http fetch GET 200 https://registry.npmjs.org/array-flatten/-/array-flatten-1.1.1.tgz 557ms (cache miss)
442 timing reifyNode:node_modules/array-flatten Completed in 716ms
443 http fetch GET 200 https://registry.npmjs.org/get-intrinsic/-/get-intrinsic-1.2.1.tgz 642ms (cache miss)
444 timing reifyNode:node_modules/get-intrinsic Completed in 723ms
445 http fetch GET 200 https://registry.npmjs.org/safer-buffer/-/safer-buffer-2.1.2.tgz 631ms (cache miss)
446 timing reifyNode:node_modules/safer-buffer Completed in 722ms
447 http fetch GET 200 https://registry.npmjs.org/cookie/-/cookie-0.5.0.tgz 568ms (cache miss)
448 timing reifyNode:node_modules/cookie Completed in 723ms
449 http fetch GET 200 https://registry.npmjs.org/call-bind/-/call-bind-1.0.2.tgz 645ms (cache miss)
450 timing reifyNode:node_modules/call-bind Completed in 726ms
451 timing reifyNode:node_modules/body-parser Completed in 728ms
452 http fetch GET 200 https://registry.npmjs.org/debug/-/debug-2.6.9.tgz 594ms (cache miss)
453 timing reifyNode:node_modules/debug Completed in 745ms
454 http fetch GET 200 https://registry.npmjs.org/qs/-/qs-6.11.0.tgz 627ms (cache miss)
455 http fetch GET 200 https://registry.npmjs.org/mime-db/-/mime-db-1.52.0.tgz 665ms (cache miss)
456 timing reifyNode:node_modules/mime-db Completed in 754ms
457 http fetch GET 200 https://registry.npmjs.org/object-inspect/-/object-inspect-1.12.3.tgz 678ms (cache miss)
458 timing reifyNode:node_modules/qs Completed in 754ms
459 timing reifyNode:node_modules/object-inspect Completed in 758ms
460 http fetch GET 200 https://registry.npmjs.org/express/-/express-4.18.2.tgz 598ms (cache miss)
461 timing reifyNode:node_modules/express Completed in 759ms
462 http fetch GET 200 https://registry.npmjs.org/iconv-lite/-/iconv-lite-0.4.24.tgz 667ms (cache miss)
463 timing reifyNode:node_modules/iconv-lite Completed in 766ms
464 timing reify:unpack Completed in 768ms
465 timing reify:unretire Completed in 0ms
466 timing build:queue Completed in 2ms
467 timing build:link:node_modules/mime Completed in 3ms
468 timing build:link Completed in 3ms
469 timing build:deps Completed in 5ms
470 timing build Completed in 6ms
471 timing reify:build Completed in 7ms
472 timing reify:trash Completed in 0ms
473 timing reify:save Completed in 34ms
474 timing reify Completed in 1686ms
475 silly ADD node_modules/media-typer
476 silly ADD node_modules/has-symbols
477 silly ADD node_modules/has-proto
478 silly ADD node_modules/has
479 silly ADD node_modules/function-bind
480 silly ADD node_modules/object-inspect
481 silly ADD node_modules/get-intrinsic
482 silly ADD node_modules/call-bind
483 silly ADD node_modules/mime
484 silly ADD node_modules/side-channel
485 silly ADD node_modules/ipaddr.js
486 silly ADD node_modules/forwarded
487 silly ADD node_modules/ee-first
488 silly ADD node_modules/mime-db
489 silly ADD node_modules/safer-buffer
490 silly ADD node_modules/toidentifier
491 silly ADD node_modules/inherits
492 silly ADD node_modules/ms
493 silly ADD node_modules/unpipe
494 silly ADD node_modules/raw-body
495 silly ADD node_modules/iconv-lite
496 silly ADD node_modules/destroy
497 silly ADD node_modules/bytes
498 silly ADD node_modules/negotiator
499 silly ADD node_modules/mime-types
500 silly ADD node_modules/vary
501 silly ADD node_modules/utils-merge
502 silly ADD node_modules/type-is
503 silly ADD node_modules/statuses
504 silly ADD node_modules/setprototypeof
505 silly ADD node_modules/serve-static
506 silly ADD node_modules/send
507 silly ADD node_modules/send/node_modules/ms
508 silly ADD node_modules/safe-buffer
509 silly ADD node_modules/range-parser
510 silly ADD node_modules/qs
511 silly ADD node_modules/proxy-addr
512 silly ADD node_modules/path-to-regexp
513 silly ADD node_modules/parseurl
514 silly ADD node_modules/on-finished
515 silly ADD node_modules/methods
516 silly ADD node_modules/merge-descriptors
517 silly ADD node_modules/http-errors
518 silly ADD node_modules/fresh
519 silly ADD node_modules/finalhandler
520 silly ADD node_modules/etag
521 silly ADD node_modules/escape-html
522 silly ADD node_modules/encodeurl
523 silly ADD node_modules/depd
524 silly ADD node_modules/debug
525 silly ADD node_modules/cookie-signature
526 silly ADD node_modules/cookie
527 silly ADD node_modules/content-type
528 silly ADD node_modules/content-disposition
529 silly ADD node_modules/body-parser
530 silly ADD node_modules/array-flatten
531 silly ADD node_modules/accepts
532 silly ADD node_modules/express
533 timing command:install Completed in 1695ms
534 verbose exit 0
535 timing npm Completed in 1829ms
536 info ok
