0 verbose cli /home/ec2-user/.nvm/versions/node/v16.20.1/bin/node /home/ec2-user/.nvm/versions/node/v16.20.1/bin/npm
1 info using npm@8.19.4
2 info using node@v16.20.1
3 timing npm:load:whichnode Completed in 0ms
4 timing config:load:defaults Completed in 2ms
5 timing config:load:file:/home/ec2-user/.nvm/versions/node/v16.20.1/lib/node_modules/npm/npmrc Completed in 1ms
6 timing config:load:builtin Completed in 1ms
7 timing config:load:cli Completed in 12ms
8 timing config:load:env Completed in 1ms
9 timing config:load:project Completed in 5ms
10 timing config:load:file:/home/ec2-user/.npmrc Completed in 0ms
11 timing config:load:user Completed in 0ms
12 timing config:load:file:/home/ec2-user/.nvm/versions/node/v16.20.1/etc/npmrc Completed in 0ms
13 timing config:load:global Completed in 0ms
14 timing config:load:validate Completed in 0ms
15 timing config:load:credentials Completed in 1ms
16 timing config:load:setEnvs Completed in 1ms
17 timing config:load Completed in 25ms
18 timing npm:load:configload Completed in 25ms
19 timing npm:load:mkdirpcache Completed in 1ms
20 timing npm:load:mkdirplogs Completed in 1ms
21 verbose title npm init
22 verbose argv "init"
23 timing npm:load:setTitle Completed in 1ms
24 timing config:load:flatten Completed in 4ms
25 timing npm:load:display Completed in 6ms
26 verbose logfile logs-max:10 dir:/home/ec2-user/.npm/_logs
27 verbose logfile /home/ec2-user/.npm/_logs/2023-06-30T18_23_41_746Z-debug-0.log
28 timing npm:load:logFile Completed in 6ms
29 timing npm:load:timers Completed in 0ms
30 timing npm:load:configScope Completed in 1ms
31 timing npm:load Completed in 42ms
32 silly logfile done cleaning log files
33 http fetch GET 200 https://registry.npmjs.org/npm 149ms (cache miss)
34 silly package data {
34 silly package data   name: 'helloworld',
34 silly package data   version: '1.0.0',
34 silly package data   description: 'hello world app',
34 silly package data   main: 'app.js',
34 silly package data   scripts: { test: 'echo "Error: no test specified" && exit 1' },
34 silly package data   repository: { type: 'git', url: 'git+https://github.com/sounny/helloworld.git' },
34 silly package data   keywords: [ 'node', 'express' ],
34 silly package data   author: 'sounny',
34 silly package data   license: 'ISC',
34 silly package data   bugs: { url: 'https://github.com/sounny/helloworld/issues' },
34 silly package data   homepage: 'https://github.com/sounny/helloworld#readme'
34 silly package data }
35 info init written successfully
36 timing command:init Completed in 94260ms
37 notice
37 notice New [31mmajor[39m version of npm available! [31m8.19.4[39m -> [32m9.7.2[39m
37 notice Changelog: [36mhttps://github.com/npm/cli/releases/tag/v9.7.2[39m
37 notice Run [32mnpm install -g npm@9.7.2[39m to update!
37 notice
38 verbose exit 0
39 timing npm Completed in 94399ms
40 info ok
